<?xml version="1.0" encoding="UTF-8"?>
<testng-results skipped="0" failed="0" ignored="0" total="1" passed="1">
  <reporter-output>
  </reporter-output>
  <suite name="Default suite" duration-ms="41693" started-at="2018-05-29T06:39:00Z" finished-at="2018-05-29T06:39:42Z">
    <groups>
    </groups>
    <test name="Default test" duration-ms="41693" started-at="2018-05-29T06:39:00Z" finished-at="2018-05-29T06:39:42Z">
      <class name="com.expedia.BDDCucumber.loginTest">
        <test-method status="PASS" signature="login()[pri:0, instance:com.expedia.BDDCucumber.loginTest@72d818d1]" name="login" duration-ms="41575" started-at="2018-05-29T06:39:00Z" finished-at="2018-05-29T06:39:42Z">
          <reporter-output>
          </reporter-output>
        </test-method> <!-- login -->
      </class> <!-- com.expedia.BDDCucumber.loginTest -->
    </test> <!-- Default test -->
  </suite> <!-- Default suite -->
</testng-results>
